<?xml version="1.0" encoding="UTF-8"?>
<testsuite name="com.bridgelabz.InvoiceServiceTest" tests="4" skipped="0" failures="0" errors="0" timestamp="2021-08-10T07:23:25" hostname="NIHARIKA" time="0.033">
  <properties/>
  <testcase name="givenUserIdAndRides_ShouldReturnInvoiceSummary" classname="com.bridgelabz.InvoiceServiceTest" time="0.028"/>
  <testcase name="givenMultipleRide_ShouldReturnInvoiceSummary" classname="com.bridgelabz.InvoiceServiceTest" time="0.001"/>
  <testcase name="givenLessDistanceAndTime_shouldReturnMinFare" classname="com.bridgelabz.InvoiceServiceTest" time="0.0"/>
  <testcase name="givenDistanceAndTime_ShouldReturnTotalFare" classname="com.bridgelabz.InvoiceServiceTest" time="0.001"/>
  <system-out><![CDATA[]]></system-out>
  <system-err><![CDATA[]]></system-err>
</testsuite>
