<?xml version="1.0" encoding="UTF-8"?>
<testsuite name="com.bridgelabz.InvoiceServiceTest" tests="3" skipped="0" failures="0" errors="0" timestamp="2021-08-09T15:02:59" hostname="NIHARIKA" time="0.013">
  <properties/>
  <testcase name="giveDistanceAndTime_Should_RetureTotalFare" classname="com.bridgelabz.InvoiceServiceTest" time="0.008"/>
  <testcase name="givenLessDistanceAndTime_ShouldReturnTotalFare" classname="com.bridgelabz.InvoiceServiceTest" time="0.003"/>
  <testcase name="givenLessDistanceAndTime_ShouldReturnMiniFare" classname="com.bridgelabz.InvoiceServiceTest" time="0.001"/>
  <system-out><![CDATA[]]></system-out>
  <system-err><![CDATA[]]></system-err>
</testsuite>
